-------------------------------------------------------------------------------
Test set: TestSubtraction
-------------------------------------------------------------------------------
Tests run: 1, Failures: 0, Errors: 1, Skipped: 0, Time elapsed: 0 sec <<< FAILURE! - in TestSubtraction
initializationError(TestSubtraction)  Time elapsed: 0 sec  <<< ERROR!
java.lang.Exception: Method testSubtraction should have no parameters

