<?xml version="1.0" encoding="UTF-8"?>
<testsuite xmlns:xsi="http://www.w3.org/2001/XMLSchema-instance" xsi:schemaLocation="https://maven.apache.org/surefire/maven-surefire-plugin/xsd/surefire-test-report.xsd" name="RationalTests" time="0.084" tests="33" errors="0" skipped="0" failures="0">
  <properties>
[...]
</properties>
  <testcase name="testLess(3, 7, 3, 51, false) [0]" classname="RationalTests$CompareTests" time="0.011"/>
  <testcase name="testLess(2, 9, 4, 9, true) [1]" classname="RationalTests$CompareTests" time="0"/>
  <testcase name="testLess(-7, 57, 1, 2, false) [2]" classname="RationalTests$CompareTests" time="0"/>
  <testcase name="testLess(465, 7987, 1321, 1348, true) [3]" classname="RationalTests$CompareTests" time="0"/>
  <testcase name="testLess(-79, 4554, -82, 45, false) [4]" classname="RationalTests$CompareTests" time="0"/>
  <testcase name="testEquals(1, 2, 30, 60, true) [0]" classname="RationalTests$CompareTests" time="0.001"/>
  <testcase name="testEquals(78, 80, 4, 7, false) [1]" classname="RationalTests$CompareTests" time="0"/>
  <testcase name="testEquals(-46, 100, -23, 50, true) [2]" classname="RationalTests$CompareTests" time="0"/>
  <testcase name="testEquals(-7, 9, -3, -9, false) [3]" classname="RationalTests$CompareTests" time="0"/>
  <testcase name="testLessOrEqual(1, 2, 30, 60, true) [0]" classname="RationalTests$CompareTests" time="0.001"/>
  <testcase name="testLessOrEqual(78, 80, 4, 7, true) [1]" classname="RationalTests$CompareTests" time="0"/>
  <testcase name="testLessOrEqual(-46, 100, -23, 50, true) [2]" classname="RationalTests$CompareTests" time="0"/>
  <testcase name="testLessOrEqual(-7, 9, -3, -9, false) [3]" classname="RationalTests$CompareTests" time="0"/>
  <testcase name="testLessOrEqual(3, 7, 3, 51, false) [4]" classname="RationalTests$CompareTests" time="0"/>
  <testcase name="testLessOrEqual(-79, 4554, -82, 45, false) [5]" classname="RationalTests$CompareTests" time="0"/>
  <testcase name="testSum(64, 70, 8, 9, 568, 315) [0]" classname="RationalTests$ActionsTests" time="0.003"/>
  <testcase name="testSum(5, 7, -8, 10, -3, 35) [1]" classname="RationalTests$ActionsTests" time="0"/>
  <testcase name="testSum(-1, 45, -9, 61, -466, 2745) [2]" classname="RationalTests$ActionsTests" time="0"/>
  <testcase name="testDivide(64, 70, 8, 9, 36, 35) [0]" classname="RationalTests$ActionsTests" time="0"/>
  <testcase name="testDivide(5, 7, -8, 10, -25, 28) [1]" classname="RationalTests$ActionsTests" time="0"/>
  <testcase name="testDivide(-1, 45, -9, 61, 61, 405) [2]" classname="RationalTests$ActionsTests" time="0"/>
  <testcase name="testMultiply(64, 70, 8, 9, 256, 315) [0]" classname="RationalTests$ActionsTests" time="0"/>
  <testcase name="testMultiply(5, 7, -8, 10, -4, 7) [1]" classname="RationalTests$ActionsTests" time="0"/>
  <testcase name="testMultiply(-1, 45, -9, 61, 1, 305) [2]" classname="RationalTests$ActionsTests" time="0"/>
  <testcase name="testSubtraction(64, 70, 8, 9, 8, 315) [0]" classname="RationalTests$ActionsTests" time="0"/>
  <testcase name="testSubtraction(16, 80, 1, 15, 2, 15) [1]" classname="RationalTests$ActionsTests" time="0"/>
  <testcase name="testSubtraction(5, 7, -8, 10, 53, 35) [2]" classname="RationalTests$ActionsTests" time="0"/>
  <testcase name="testSubtraction(-8, 10, 5, 7, -53, 35) [3]" classname="RationalTests$ActionsTests" time="0"/>
  <testcase name="testSubtraction(-9, 61, -1, 45, -344, 2745) [4]" classname="RationalTests$ActionsTests" time="0"/>
  <testcase name="testSubtraction(-2, 3, -19, 20, 17, 60) [5]" classname="RationalTests$ActionsTests" time="0"/>
  <testcase name="testReduceRational" classname="RationalTests$BasicRationalsTests" time="0.001"/>
  <testcase name="testMinusFirstPosition" classname="RationalTests$BasicRationalsTests" time="0"/>
  <testcase name="testDenominatorIsZero" classname="RationalTests$BasicRationalsTests" time="0"/>
</testsuite>