-------------------------------------------------------------------------------
Test set: TestDivide
-------------------------------------------------------------------------------
Tests run: 1, Failures: 0, Errors: 1, Skipped: 0, Time elapsed: 0.034 sec <<< FAILURE! - in TestDivide
initializationError(TestDivide)  Time elapsed: 0.005 sec  <<< ERROR!
java.lang.Exception: Method testDivide should have no parameters

