-------------------------------------------------------------------------------
Test set: TestMultiply
-------------------------------------------------------------------------------
Tests run: 1, Failures: 0, Errors: 1, Skipped: 0, Time elapsed: 0 sec <<< FAILURE! - in TestMultiply
initializationError(TestMultiply)  Time elapsed: 0 sec  <<< ERROR!
java.lang.Exception: Method testMultiply should have no parameters

