-------------------------------------------------------------------------------
Test set: TestEquals
-------------------------------------------------------------------------------
Tests run: 1, Failures: 0, Errors: 1, Skipped: 0, Time elapsed: 0 sec <<< FAILURE! - in TestEquals
initializationError(TestEquals)  Time elapsed: 0 sec  <<< ERROR!
java.lang.Exception: Method testEquals should have no parameters

